execve("./pipex_bonus", ["./pipex_bonus", "here_doc", "infile", "ls", "wc", "outfile"], 0x7ffd1efa9708 /* 53 vars */) = 0
brk(NULL)                               = 0x1356000
arch_prctl(0x3001 /* ARCH_??? */, 0x7ffd2df724d0) = -1 EINVAL (Invalid argument)
mmap(NULL, 8192, PROT_READ|PROT_WRITE, MAP_PRIVATE|MAP_ANONYMOUS, -1, 0) = 0x7f574c7c2000
access("/etc/ld.so.preload", R_OK)      = -1 ENOENT (No such file or directory)
openat(AT_FDCWD, "/etc/ld.so.cache", O_RDONLY|O_CLOEXEC) = 3
newfstatat(3, "", {st_mode=S_IFREG|0644, st_size=99351, ...}, AT_EMPTY_PATH) = 0
mmap(NULL, 99351, PROT_READ, MAP_PRIVATE, 3, 0) = 0x7f574c7a9000
close(3)                                = 0
openat(AT_FDCWD, "/lib/x86_64-linux-gnu/libc.so.6", O_RDONLY|O_CLOEXEC) = 3
read(3, "\177ELF\2\1\1\3\0\0\0\0\0\0\0\0\3\0>\0\1\0\0\0P\237\2\0\0\0\0\0"..., 832) = 832
pread64(3, "\6\0\0\0\4\0\0\0@\0\0\0\0\0\0\0@\0\0\0\0\0\0\0@\0\0\0\0\0\0\0"..., 784, 64) = 784
pread64(3, "\4\0\0\0 \0\0\0\5\0\0\0GNU\0\2\0\0\300\4\0\0\0\3\0\0\0\0\0\0\0"..., 48, 848) = 48
pread64(3, "\4\0\0\0\24\0\0\0\3\0\0\0GNU\0I\17\357\204\3$\f\221\2039x\324\224\323\236S"..., 68, 896) = 68
newfstatat(3, "", {st_mode=S_IFREG|0755, st_size=2220400, ...}, AT_EMPTY_PATH) = 0
pread64(3, "\6\0\0\0\4\0\0\0@\0\0\0\0\0\0\0@\0\0\0\0\0\0\0@\0\0\0\0\0\0\0"..., 784, 64) = 784
mmap(NULL, 2264656, PROT_READ, MAP_PRIVATE|MAP_DENYWRITE, 3, 0) = 0x7f574c580000
mprotect(0x7f574c5a8000, 2023424, PROT_NONE) = 0
mmap(0x7f574c5a8000, 1658880, PROT_READ|PROT_EXEC, MAP_PRIVATE|MAP_FIXED|MAP_DENYWRITE, 3, 0x28000) = 0x7f574c5a8000
mmap(0x7f574c73d000, 360448, PROT_READ, MAP_PRIVATE|MAP_FIXED|MAP_DENYWRITE, 3, 0x1bd000) = 0x7f574c73d000
mmap(0x7f574c796000, 24576, PROT_READ|PROT_WRITE, MAP_PRIVATE|MAP_FIXED|MAP_DENYWRITE, 3, 0x215000) = 0x7f574c796000
mmap(0x7f574c79c000, 52816, PROT_READ|PROT_WRITE, MAP_PRIVATE|MAP_FIXED|MAP_ANONYMOUS, -1, 0) = 0x7f574c79c000
close(3)                                = 0
mmap(NULL, 12288, PROT_READ|PROT_WRITE, MAP_PRIVATE|MAP_ANONYMOUS, -1, 0) = 0x7f574c57d000
arch_prctl(ARCH_SET_FS, 0x7f574c57d740) = 0
set_tid_address(0x7f574c57da10)         = 877000
set_robust_list(0x7f574c57da20, 24)     = 0
rseq(0x7f574c57e0e0, 0x20, 0, 0x53053053) = 0
mprotect(0x7f574c796000, 16384, PROT_READ) = 0
mprotect(0x405000, 4096, PROT_READ)     = 0
mprotect(0x7f574c7fc000, 8192, PROT_READ) = 0
prlimit64(0, RLIMIT_STACK, NULL, {rlim_cur=8192*1024, rlim_max=RLIM64_INFINITY}) = 0
munmap(0x7f574c7a9000, 99351)           = 0
openat(AT_FDCWD, ".heredoc_tmp", O_WRONLY|O_CREAT|O_TRUNC, 0644) = 3
write(1, "[", 1)                        = 1
write(1, "h", 1)                        = 1
write(1, "e", 1)                        = 1
write(1, "r", 1)                        = 1
write(1, "e", 1)                        = 1
write(1, "d", 1)                        = 1
write(1, "o", 1)                        = 1
write(1, "c", 1)                        = 1
write(1, "]", 1)                        = 1
write(1, " ", 1)                        = 1
getrandom("\xf8\x59\xce\x7c\x30\xbb\x7a\x68", 8, GRND_NONBLOCK) = 8
brk(NULL)                               = 0x1356000
brk(0x1377000)                          = 0x1377000
read(0, "ls\n", 42)                     = 3
write(3, "ls\n", 3)                     = 3
write(3, "\n", 1)                       = 1
write(1, "[", 1)                        = 1
write(1, "h", 1)                        = 1
write(1, "e", 1)                        = 1
write(1, "r", 1)                        = 1
write(1, "e", 1)                        = 1
write(1, "d", 1)                        = 1
write(1, "o", 1)                        = 1
write(1, "c", 1)                        = 1
write(1, "]", 1)                        = 1
write(1, " ", 1)                        = 1
read(0, "infile\n", 42)                 = 7
close(3)                                = 0
openat(AT_FDCWD, ".heredoc_tmp", O_RDONLY) = 3
openat(AT_FDCWD, "outfile", O_WRONLY|O_CREAT|O_TRUNC, 0644) = 4
pipe2([5, 6], 0)                        = 0
pipe2([7, 8], 0)                        = 0
clone(child_stack=NULL, flags=CLONE_CHILD_CLEARTID|CLONE_CHILD_SETTID|SIGCHLD, child_tidptr=0x7f574c57da10) = 877059
clone(child_stack=NULL, flags=CLONE_CHILD_CLEARTID|CLONE_CHILD_SETTID|SIGCHLD, child_tidptr=0x7f574c57da10) = 877060
close(7)                                = 0
close(8)                                = 0
wait4(877059, NULL, 0, NULL)            = 877059
--- SIGCHLD {si_signo=SIGCHLD, si_code=CLD_EXITED, si_pid=877059, si_uid=107959, si_status=1, si_utime=0, si_stime=0} ---
wait4(877060, NULL, 0, NULL)            = 877060
--- SIGCHLD {si_signo=SIGCHLD, si_code=CLD_EXITED, si_pid=877060, si_uid=107959, si_status=0, si_utime=0, si_stime=0} ---
close(3)                                = 0
close(4)                                = 0
close(7)                                = -1 EBADF (Bad file descriptor)
close(8)                                = -1 EBADF (Bad file descriptor)
unlink(".heredoc_tmp")                  = 0
exit_group(0)                           = ?
+++ exited with 0 +++
